[INFO] Scanning for projects...
[INFO] 
[INFO] --------------------< com.github.slimefun:Slimefun >--------------------
[INFO] Building Slimefun RC - 1 (git 0ea16bd1)
[INFO] --------------------------------[ jar ]---------------------------------
[INFO] Downloading from spigot-repo: https://hub.spigotmc.org/nexus/content/repositories/snapshots/com/konghq/unirest-java/3.13.6/unirest-java-3.13.6.pom
[INFO] Downloading from paper-repo: https://papermc.io/repo/repository/maven-public/com/konghq/unirest-java/3.13.6/unirest-java-3.13.6.pom
[INFO] Downloaded from paper-repo: https://papermc.io/repo/repository/maven-public/com/konghq/unirest-java/3.13.6/unirest-java-3.13.6.pom (3.7 kB at 10 kB/s)
[INFO] Downloading from spigot-repo: https://hub.spigotmc.org/nexus/content/repositories/snapshots/com/konghq/unirest-java-parent/3.13.6/unirest-java-parent-3.13.6.pom
[INFO] Downloading from paper-repo: https://papermc.io/repo/repository/maven-public/com/konghq/unirest-java-parent/3.13.6/unirest-java-parent-3.13.6.pom
[INFO] Downloaded from paper-repo: https://papermc.io/repo/repository/maven-public/com/konghq/unirest-java-parent/3.13.6/unirest-java-parent-3.13.6.pom (19 kB at 30 kB/s)
[INFO] Downloading from spigot-repo: https://hub.spigotmc.org/nexus/content/repositories/snapshots/com/github/seeseemelk/MockBukkit-v1.18/1.18.1/MockBukkit-v1.18-1.18.1.pom
[INFO] Downloading from paper-repo: https://papermc.io/repo/repository/maven-public/com/github/seeseemelk/MockBukkit-v1.18/1.18.1/MockBukkit-v1.18-1.18.1.pom
[INFO] Downloaded from paper-repo: https://papermc.io/repo/repository/maven-public/com/github/seeseemelk/MockBukkit-v1.18/1.18.1/MockBukkit-v1.18-1.18.1.pom (2.5 kB at 8.1 kB/s)
[INFO] Downloading from spigot-repo: https://hub.spigotmc.org/nexus/content/repositories/snapshots/org/junit/jupiter/junit-jupiter/5.7.2/junit-jupiter-5.7.2.pom
[INFO] Downloading from paper-repo: https://papermc.io/repo/repository/maven-public/org/junit/jupiter/junit-jupiter/5.7.2/junit-jupiter-5.7.2.pom
[INFO] Downloaded from paper-repo: https://papermc.io/repo/repository/maven-public/org/junit/jupiter/junit-jupiter/5.7.2/junit-jupiter-5.7.2.pom (3.2 kB at 11 kB/s)
[INFO] Downloading from spigot-repo: https://hub.spigotmc.org/nexus/content/repositories/snapshots/org/junit/jupiter/junit-jupiter-api/5.7.2/junit-jupiter-api-5.7.2.pom
[INFO] Downloading from paper-repo: https://papermc.io/repo/repository/maven-public/org/junit/jupiter/junit-jupiter-api/5.7.2/junit-jupiter-api-5.7.2.pom
[INFO] Downloaded from paper-repo: https://papermc.io/repo/repository/maven-public/org/junit/jupiter/junit-jupiter-api/5.7.2/junit-jupiter-api-5.7.2.pom (3.2 kB at 11 kB/s)
[INFO] Downloading from spigot-repo: https://hub.spigotmc.org/nexus/content/repositories/snapshots/org/apiguardian/apiguardian-api/1.1.0/apiguardian-api-1.1.0.pom
[INFO] Downloading from paper-repo: https://papermc.io/repo/repository/maven-public/org/apiguardian/apiguardian-api/1.1.0/apiguardian-api-1.1.0.pom
[INFO] Downloaded from paper-repo: https://papermc.io/repo/repository/maven-public/org/apiguardian/apiguardian-api/1.1.0/apiguardian-api-1.1.0.pom (1.2 kB at 4.1 kB/s)
[INFO] Downloading from spigot-repo: https://hub.spigotmc.org/nexus/content/repositories/snapshots/org/junit/platform/junit-platform-commons/1.7.2/junit-platform-commons-1.7.2.pom
[INFO] Downloading from paper-repo: https://papermc.io/repo/repository/maven-public/org/junit/platform/junit-platform-commons/1.7.2/junit-platform-commons-1.7.2.pom
[INFO] Downloaded from paper-repo: https://papermc.io/repo/repository/maven-public/org/junit/platform/junit-platform-commons/1.7.2/junit-platform-commons-1.7.2.pom (2.8 kB at 10 kB/s)
[INFO] Downloading from spigot-repo: https://hub.spigotmc.org/nexus/content/repositories/snapshots/org/junit/jupiter/junit-jupiter-params/5.7.2/junit-jupiter-params-5.7.2.pom
[INFO] Downloading from paper-repo: https://papermc.io/repo/repository/maven-public/org/junit/jupiter/junit-jupiter-params/5.7.2/junit-jupiter-params-5.7.2.pom
[INFO] Downloaded from paper-repo: https://papermc.io/repo/repository/maven-public/org/junit/jupiter/junit-jupiter-params/5.7.2/junit-jupiter-params-5.7.2.pom (3.0 kB at 11 kB/s)
[INFO] Downloading from spigot-repo: https://hub.spigotmc.org/nexus/content/repositories/snapshots/org/junit/jupiter/junit-jupiter-engine/5.7.2/junit-jupiter-engine-5.7.2.pom
[INFO] Downloading from paper-repo: https://papermc.io/repo/repository/maven-public/org/junit/jupiter/junit-jupiter-engine/5.7.2/junit-jupiter-engine-5.7.2.pom
[INFO] Downloaded from paper-repo: https://papermc.io/repo/repository/maven-public/org/junit/jupiter/junit-jupiter-engine/5.7.2/junit-jupiter-engine-5.7.2.pom (3.2 kB at 11 kB/s)
[INFO] Downloading from spigot-repo: https://hub.spigotmc.org/nexus/content/repositories/snapshots/org/junit/platform/junit-platform-engine/1.7.2/junit-platform-engine-1.7.2.pom
[INFO] Downloading from paper-repo: https://papermc.io/repo/repository/maven-public/org/junit/platform/junit-platform-engine/1.7.2/junit-platform-engine-1.7.2.pom
[INFO] Downloaded from paper-repo: https://papermc.io/repo/repository/maven-public/org/junit/platform/junit-platform-engine/1.7.2/junit-platform-engine-1.7.2.pom (3.2 kB at 11 kB/s)
[INFO] Downloading from spigot-repo: https://hub.spigotmc.org/nexus/content/repositories/snapshots/com/konghq/unirest-java/3.13.6/unirest-java-3.13.6.jar
[INFO] Downloading from spigot-repo: https://hub.spigotmc.org/nexus/content/repositories/snapshots/com/github/seeseemelk/MockBukkit-v1.18/1.18.1/MockBukkit-v1.18-1.18.1.jar
[INFO] Downloading from paper-repo: https://papermc.io/repo/repository/maven-public/com/github/seeseemelk/MockBukkit-v1.18/1.18.1/MockBukkit-v1.18-1.18.1.jar
[INFO] Downloading from paper-repo: https://papermc.io/repo/repository/maven-public/com/konghq/unirest-java/3.13.6/unirest-java-3.13.6.jar
[INFO] Downloaded from paper-repo: https://papermc.io/repo/repository/maven-public/com/konghq/unirest-java/3.13.6/unirest-java-3.13.6.jar (203 kB at 291 kB/s)
[INFO] Downloaded from paper-repo: https://papermc.io/repo/repository/maven-public/com/github/seeseemelk/MockBukkit-v1.18/1.18.1/MockBukkit-v1.18-1.18.1.jar (310 kB at 437 kB/s)
[INFO] 
[INFO] --- maven-clean-plugin:2.5:clean (default-clean) @ Slimefun ---
[INFO] 
[INFO] --- jacoco-maven-plugin:0.8.7:prepare-agent (prepare) @ Slimefun ---
[INFO] argLine set to -javaagent:/home/runner/.m2/repository/org/jacoco/org.jacoco.agent/0.8.7/org.jacoco.agent-0.8.7-runtime.jar=destfile=/home/runner/work/builds/builds/Jan123/Slimefun4/stable/files/target/jacoco.exec
[INFO] 
[INFO] --- maven-resources-plugin:2.6:resources (default-resources) @ Slimefun ---
[INFO] Using 'UTF-8' encoding to copy filtered resources.
[INFO] Copying 255 resources
[INFO] Copying 1 resource
[INFO] 
[INFO] --- maven-compiler-plugin:3.10.1:compile (default-compile) @ Slimefun ---
[INFO] Downloading from central: https://repo.maven.apache.org/maven2/org/codehaus/plexus/plexus/5.1/plexus-5.1.pom
[INFO] Downloaded from central: https://repo.maven.apache.org/maven2/org/codehaus/plexus/plexus/5.1/plexus-5.1.pom (0 B at 0 B/s)
[INFO] Changes detected - recompiling the module!
[INFO] Compiling 546 source files to /home/runner/work/builds/builds/Jan123/Slimefun4/stable/files/target/classes
[INFO] /home/runner/work/builds/builds/Jan123/Slimefun4/stable/files/src/main/java/me/mrCookieSlime/Slimefun/Objects/handlers/BlockTicker.java: Some input files use or override a deprecated API.
[INFO] /home/runner/work/builds/builds/Jan123/Slimefun4/stable/files/src/main/java/me/mrCookieSlime/Slimefun/Objects/handlers/BlockTicker.java: Recompile with -Xlint:deprecation for details.
[INFO] 
[INFO] --- maven-resources-plugin:2.6:testResources (default-testResources) @ Slimefun ---
[INFO] Using 'UTF-8' encoding to copy filtered resources.
[INFO] Copying 5 resources
[INFO] 
[INFO] --- maven-compiler-plugin:3.10.1:testCompile (default-testCompile) @ Slimefun ---
[INFO] Changes detected - recompiling the module!
[INFO] Compiling 102 source files to /home/runner/work/builds/builds/Jan123/Slimefun4/stable/files/target/test-classes
[INFO] 
[INFO] --- maven-surefire-plugin:3.0.0-M5:test (default-test) @ Slimefun ---
[INFO] 
[INFO] -------------------------------------------------------
[INFO]  T E S T S
[INFO] -------------------------------------------------------
[INFO] Running io.github.thebusybiscuit.slimefun4.core.debug.TestDebugLogging
Mar 18, 2022 1:11:33 PM org.bukkit.plugin.java.JavaPluginLoader <init>
WARNING: Could not initialize LibraryLoader (missing dependencies?)
[13:11:34 SEVERE]: [Slimefun] Failed to create AutoUpdater
[13:11:35 INFO]: [Slimefun] [DEBUG unit-test] Sushi is delicious and TheBusyBiscuit likes it!
[13:11:35 WARNING]: Could not initialize LibraryLoader (missing dependencies?)
[13:11:35 SEVERE]: [Slimefun] Failed to create AutoUpdater
[13:11:35 WARNING]: Could not initialize LibraryLoader (missing dependencies?)
[13:11:35 SEVERE]: [Slimefun] Failed to create AutoUpdater
[13:11:35 WARNING]: Could not initialize LibraryLoader (missing dependencies?)
[13:11:35 SEVERE]: [Slimefun] Failed to create AutoUpdater
[13:11:35 INFO]: [Slimefun] [DEBUG unit-test] Sushi is delicious
[13:11:35 WARNING]: Could not initialize LibraryLoader (missing dependencies?)
[13:11:35 SEVERE]: [Slimefun] Failed to create AutoUpdater
[13:11:35 INFO]: [Slimefun] [DEBUG unit-test] Ramen is delicious
[13:11:35 WARNING]: Could not initialize LibraryLoader (missing dependencies?)
[13:11:35 SEVERE]: [Slimefun] Failed to create AutoUpdater
[13:11:35 INFO]: [Slimefun] [DEBUG unit-test] {Ramen} is} {delicious }{
[INFO] Tests run: 6, Failures: 0, Errors: 0, Skipped: 0, Time elapsed: 2.018 s - in io.github.thebusybiscuit.slimefun4.core.debug.TestDebugLogging
[INFO] Running io.github.thebusybiscuit.slimefun4.core.multiblocks.TestMultiBlocks
[13:11:35 WARNING]: Could not initialize LibraryLoader (missing dependencies?)
[13:11:35 SEVERE]: [Slimefun] Failed to create AutoUpdater
[INFO] Tests run: 7, Failures: 0, Errors: 0, Skipped: 0, Time elapsed: 0.156 s - in io.github.thebusybiscuit.slimefun4.core.multiblocks.TestMultiBlocks
[INFO] Running io.github.thebusybiscuit.slimefun4.core.networks.TestNetworkManager
[13:11:35 WARNING]: Could not initialize LibraryLoader (missing dependencies?)
[INFO] Tests run: 13, Failures: 0, Errors: 0, Skipped: 0, Time elapsed: 1.008 s - in io.github.thebusybiscuit.slimefun4.core.networks.TestNetworkManager
[INFO] Running io.github.thebusybiscuit.slimefun4.core.services.TestPermissionsService
[13:11:36 WARNING]: Could not initialize LibraryLoader (missing dependencies?)
[13:11:36 SEVERE]: [Slimefun] Failed to create AutoUpdater
[INFO] Tests run: 7, Failures: 0, Errors: 0, Skipped: 0, Time elapsed: 0.08 s - in io.github.thebusybiscuit.slimefun4.core.services.TestPermissionsService
[INFO] Running io.github.thebusybiscuit.slimefun4.core.services.TestBlockDataService
[13:11:36 WARNING]: Could not initialize LibraryLoader (missing dependencies?)
[13:11:36 SEVERE]: [Slimefun] Failed to create AutoUpdater
[INFO] Tests run: 2, Failures: 0, Errors: 0, Skipped: 0, Time elapsed: 0.039 s - in io.github.thebusybiscuit.slimefun4.core.services.TestBlockDataService
[INFO] Running io.github.thebusybiscuit.slimefun4.core.services.TestCustomTextureService
[13:11:36 WARNING]: Could not initialize LibraryLoader (missing dependencies?)
[13:11:36 SEVERE]: [Slimefun] Failed to create AutoUpdater
[INFO] Tests run: 2, Failures: 0, Errors: 0, Skipped: 0, Time elapsed: 0.053 s - in io.github.thebusybiscuit.slimefun4.core.services.TestCustomTextureService
[INFO] Running io.github.thebusybiscuit.slimefun4.core.services.TestUpdaterService
[13:11:36 WARNING]: Could not initialize LibraryLoader (missing dependencies?)
[13:11:36 SEVERE]: [Slimefun] Failed to create AutoUpdater
[13:11:36 SEVERE]: [Slimefun] Failed to create AutoUpdater
[13:11:36 SEVERE]: [Slimefun] Failed to create AutoUpdater
[INFO] Tests run: 4, Failures: 0, Errors: 0, Skipped: 0, Time elapsed: 0.062 s - in io.github.thebusybiscuit.slimefun4.core.services.TestUpdaterService
[INFO] Running io.github.thebusybiscuit.slimefun4.core.services.TestItemDataService
[13:11:36 WARNING]: Could not initialize LibraryLoader (missing dependencies?)
[13:11:36 SEVERE]: [Slimefun] Failed to create AutoUpdater
[INFO] Tests run: 3, Failures: 0, Errors: 0, Skipped: 0, Time elapsed: 0.042 s - in io.github.thebusybiscuit.slimefun4.core.services.TestItemDataService
[INFO] Running io.github.thebusybiscuit.slimefun4.core.services.localization.TestColorCodes
[13:11:36 WARNING]: Could not initialize LibraryLoader (missing dependencies?)
[13:11:37 SEVERE]: Cannot load configuration from stream
[13:11:37 SEVERE]: Cannot load configuration from stream
[13:11:37 SEVERE]: Cannot load configuration from stream
[13:11:37 SEVERE]: Cannot load configuration from stream
[13:11:37 SEVERE]: Cannot load configuration from stream
[13:11:37 SEVERE]: Cannot load configuration from stream
[13:11:37 SEVERE]: Cannot load configuration from stream
[13:11:37 SEVERE]: Cannot load configuration from stream
[13:11:37 SEVERE]: Cannot load configuration from stream
[13:11:37 SEVERE]: Cannot load configuration from stream
[13:11:37 SEVERE]: Cannot load configuration from stream
[13:11:37 SEVERE]: Cannot load configuration from stream
[13:11:37 SEVERE]: Cannot load configuration from stream
[13:11:37 SEVERE]: Cannot load configuration from stream
[13:11:37 SEVERE]: Cannot load configuration from stream
[13:11:37 SEVERE]: Cannot load configuration from stream
[13:11:37 SEVERE]: Cannot load configuration from stream
[13:11:37 SEVERE]: Cannot load configuration from stream
[13:11:37 SEVERE]: Cannot load configuration from stream
[13:11:37 SEVERE]: Cannot load configuration from stream
[13:11:37 SEVERE]: Cannot load configuration from stream
[13:11:37 SEVERE]: Cannot load configuration from stream
[13:11:37 SEVERE]: Cannot load configuration from stream
[13:11:37 SEVERE]: Cannot load configuration from stream
[13:11:37 SEVERE]: Cannot load configuration from stream
[13:11:37 SEVERE]: Cannot load configuration from stream
[13:11:37 SEVERE]: Cannot load configuration from stream
[13:11:37 SEVERE]: Cannot load configuration from stream
[13:11:37 SEVERE]: Cannot load configuration from stream
[13:11:37 SEVERE]: Cannot load configuration from stream
[13:11:37 SEVERE]: Cannot load configuration from stream
[13:11:37 SEVERE]: Cannot load configuration from stream
[13:11:37 SEVERE]: Cannot load configuration from stream
[13:11:37 SEVERE]: Cannot load configuration from stream
[13:11:37 SEVERE]: Cannot load configuration from stream
[13:11:37 SEVERE]: Cannot load configuration from stream
[13:11:37 SEVERE]: Cannot load configuration from stream
[13:11:37 SEVERE]: Cannot load configuration from stream
[13:11:37 SEVERE]: Cannot load configuration from stream
[13:11:37 SEVERE]: Cannot load configuration from stream
[13:11:37 SEVERE]: Cannot load configuration from stream
[13:11:37 SEVERE]: Cannot load configuration from stream
[13:11:37 SEVERE]: Cannot load configuration from stream
[13:11:37 SEVERE]: Cannot load configuration from stream
[13:11:38 SEVERE]: Cannot load configuration from stream
[13:11:38 SEVERE]: Cannot load configuration from stream
[13:11:38 SEVERE]: Cannot load configuration from stream
[13:11:38 SEVERE]: Cannot load configuration from stream
[13:11:38 SEVERE]: Cannot load configuration from stream
[13:11:38 SEVERE]: Cannot load configuration from stream
[13:11:38 SEVERE]: Cannot load configuration from stream
[13:11:38 SEVERE]: Cannot load configuration from stream
[13:11:38 SEVERE]: Cannot load configuration from stream
[13:11:38 SEVERE]: Cannot load configuration from stream
[13:11:38 SEVERE]: Cannot load configuration from stream
[13:11:38 SEVERE]: Cannot load configuration from stream
[13:11:38 SEVERE]: Cannot load configuration from stream
[13:11:38 SEVERE]: Cannot load configuration from stream
[13:11:38 SEVERE]: Cannot load configuration from stream
[13:11:38 SEVERE]: Cannot load configuration from stream
[13:11:38 SEVERE]: Cannot load configuration from stream
[13:11:38 SEVERE]: Cannot load configuration from stream
[INFO] Tests run: 200, Failures: 0, Errors: 0, Skipped: 0, Time elapsed: 1.45 s - in io.github.thebusybiscuit.slimefun4.core.services.localization.TestColorCodes
[INFO] Running io.github.thebusybiscuit.slimefun4.core.services.localization.TestSlimefunSpelling
[13:11:38 WARNING]: Could not initialize LibraryLoader (missing dependencies?)
[13:11:38 SEVERE]: Cannot load configuration from stream
[13:11:38 SEVERE]: Cannot load configuration from stream
[13:11:38 SEVERE]: Cannot load configuration from stream
[13:11:38 SEVERE]: Cannot load configuration from stream
[13:11:38 SEVERE]: Cannot load configuration from stream
[13:11:38 SEVERE]: Cannot load configuration from stream
[13:11:38 SEVERE]: Cannot load configuration from stream
[13:11:38 SEVERE]: Cannot load configuration from stream
[13:11:38 SEVERE]: Cannot load configuration from stream
[13:11:38 SEVERE]: Cannot load configuration from stream
[13:11:38 SEVERE]: Cannot load configuration from stream
[13:11:38 SEVERE]: Cannot load configuration from stream
[13:11:38 SEVERE]: Cannot load configuration from stream
[13:11:38 SEVERE]: Cannot load configuration from stream
[13:11:38 SEVERE]: Cannot load configuration from stream
[13:11:38 SEVERE]: Cannot load configuration from stream
[13:11:38 SEVERE]: Cannot load configuration from stream
[13:11:38 SEVERE]: Cannot load configuration from stream
[13:11:38 SEVERE]: Cannot load configuration from stream
[13:11:38 SEVERE]: Cannot load configuration from stream
[13:11:38 SEVERE]: Cannot load configuration from stream
[13:11:38 SEVERE]: Cannot load configuration from stream
[13:11:38 SEVERE]: Cannot load configuration from stream
[13:11:38 SEVERE]: Cannot load configuration from stream
[13:11:38 SEVERE]: Cannot load configuration from stream
[13:11:38 SEVERE]: Cannot load configuration from stream
[13:11:38 SEVERE]: Cannot load configuration from stream
[13:11:38 SEVERE]: Cannot load configuration from stream
[13:11:38 SEVERE]: Cannot load configuration from stream
[13:11:38 SEVERE]: Cannot load configuration from stream
[13:11:38 SEVERE]: Cannot load configuration from stream
[13:11:38 SEVERE]: Cannot load configuration from stream
[13:11:38 SEVERE]: Cannot load configuration from stream
[13:11:38 SEVERE]: Cannot load configuration from stream
[13:11:38 SEVERE]: Cannot load configuration from stream
[13:11:38 SEVERE]: Cannot load configuration from stream
[13:11:38 SEVERE]: Cannot load configuration from stream
[13:11:38 SEVERE]: Cannot load configuration from stream
[13:11:38 SEVERE]: Cannot load configuration from stream
[13:11:38 SEVERE]: Cannot load configuration from stream
[13:11:38 SEVERE]: Cannot load configuration from stream
[13:11:38 SEVERE]: Cannot load configuration from stream
[13:11:38 SEVERE]: Cannot load configuration from stream
[13:11:38 SEVERE]: Cannot load configuration from stream
[13:11:39 SEVERE]: Cannot load configuration from stream
[13:11:39 SEVERE]: Cannot load configuration from stream
[13:11:39 SEVERE]: Cannot load configuration from stream
[13:11:39 SEVERE]: Cannot load configuration from stream
[13:11:39 SEVERE]: Cannot load configuration from stream
[13:11:39 SEVERE]: Cannot load configuration from stream
[13:11:39 SEVERE]: Cannot load configuration from stream
[13:11:39 SEVERE]: Cannot load configuration from stream
[13:11:39 SEVERE]: Cannot load configuration from stream
[13:11:39 SEVERE]: Cannot load configuration from stream
[13:11:39 SEVERE]: Cannot load configuration from stream
[13:11:39 SEVERE]: Cannot load configuration from stream
[13:11:39 SEVERE]: Cannot load configuration from stream
[13:11:39 SEVERE]: Cannot load configuration from stream
[13:11:39 SEVERE]: Cannot load configuration from stream
[13:11:39 SEVERE]: Cannot load configuration from stream
[13:11:39 SEVERE]: Cannot load configuration from stream
[13:11:39 SEVERE]: Cannot load configuration from stream
[INFO] Tests run: 200, Failures: 0, Errors: 0, Skipped: 0, Time elapsed: 0.846 s - in io.github.thebusybiscuit.slimefun4.core.services.localization.TestSlimefunSpelling
[INFO] Running io.github.thebusybiscuit.slimefun4.core.services.TestRecipeService
[13:11:39 WARNING]: Could not initialize LibraryLoader (missing dependencies?)
[13:11:39 SEVERE]: [Slimefun] Failed to create AutoUpdater
[13:11:39 INFO]: [Slimefun] Collecting Snapshots of all Recipes...
[13:11:39 INFO]: [Slimefun] Found 0 Recipes!
[13:11:39 INFO]: [Slimefun] Collecting Snapshots of all Recipes...
[13:11:39 INFO]: [Slimefun] Found 1 Recipes!
[13:11:39 INFO]: [Slimefun] Collecting Snapshots of all Recipes...
[13:11:39 INFO]: [Slimefun] Found 1 Recipes!
[13:11:39 INFO]: [Slimefun] Collecting Snapshots of all Recipes...
[13:11:39 INFO]: [Slimefun] Found 2 Recipes!
[13:11:39 INFO]: [Slimefun] Collecting Snapshots of all Recipes...
[13:11:39 INFO]: [Slimefun] Found 3 Recipes!
[13:11:39 INFO]: [Slimefun] Collecting Snapshots of all Recipes...
[13:11:39 INFO]: [Slimefun] Found 4 Recipes!
[13:11:39 INFO]: [Slimefun] Collecting Snapshots of all Recipes...
[13:11:39 INFO]: [Slimefun] Found 5 Recipes!
[INFO] Tests run: 7, Failures: 0, Errors: 0, Skipped: 0, Time elapsed: 0.059 s - in io.github.thebusybiscuit.slimefun4.core.services.TestRecipeService
[INFO] Running io.github.thebusybiscuit.slimefun4.core.commands.TestDebugFishCommand
[13:11:39 WARNING]: Could not initialize LibraryLoader (missing dependencies?)
[13:11:39 SEVERE]: [Slimefun] Failed to create AutoUpdater
[INFO] Tests run: 2, Failures: 0, Errors: 0, Skipped: 0, Time elapsed: 0.039 s - in io.github.thebusybiscuit.slimefun4.core.commands.TestDebugFishCommand
[INFO] Running io.github.thebusybiscuit.slimefun4.core.commands.TestResearchCommand
[13:11:39 WARNING]: Could not initialize LibraryLoader (missing dependencies?)
[13:11:39 SEVERE]: [Slimefun] Failed to create AutoUpdater
[INFO] Tests run: 3, Failures: 0, Errors: 0, Skipped: 0, Time elapsed: 0.047 s - in io.github.thebusybiscuit.slimefun4.core.commands.TestResearchCommand
[INFO] Running io.github.thebusybiscuit.slimefun4.core.commands.TestChargeCommand
[13:11:39 WARNING]: Could not initialize LibraryLoader (missing dependencies?)
[13:11:39 SEVERE]: [Slimefun] Failed to create AutoUpdater
[INFO] Tests run: 1, Failures: 0, Errors: 0, Skipped: 0, Time elapsed: 0.02 s - in io.github.thebusybiscuit.slimefun4.core.commands.TestChargeCommand
[INFO] Running io.github.thebusybiscuit.slimefun4.core.commands.TestGuideCommand
[13:11:39 WARNING]: Could not initialize LibraryLoader (missing dependencies?)
[13:11:39 SEVERE]: [Slimefun] Failed to create AutoUpdater
[INFO] Tests run: 2, Failures: 0, Errors: 0, Skipped: 0, Time elapsed: 0.021 s - in io.github.thebusybiscuit.slimefun4.core.commands.TestGuideCommand
[INFO] Running io.github.thebusybiscuit.slimefun4.core.commands.TestBackpackCommand
[13:11:39 WARNING]: Could not initialize LibraryLoader (missing dependencies?)
[13:11:39 SEVERE]: [Slimefun] Failed to create AutoUpdater
[INFO] Tests run: 6, Failures: 0, Errors: 0, Skipped: 0, Time elapsed: 0.035 s - in io.github.thebusybiscuit.slimefun4.core.commands.TestBackpackCommand
[INFO] Running io.github.thebusybiscuit.slimefun4.core.researching.TestProfileResearches
[13:11:39 WARNING]: Could not initialize LibraryLoader (missing dependencies?)
[13:11:39 SEVERE]: [Slimefun] Failed to create AutoUpdater
[INFO] Tests run: 3, Failures: 0, Errors: 0, Skipped: 0, Time elapsed: 0.03 s - in io.github.thebusybiscuit.slimefun4.core.researching.TestProfileResearches
[INFO] Running io.github.thebusybiscuit.slimefun4.core.researching.TestResearchUnlocking
[13:11:39 WARNING]: Could not initialize LibraryLoader (missing dependencies?)
[13:11:39 SEVERE]: [Slimefun] Failed to create AutoUpdater
[13:11:39 WARNING]: Could not initialize LibraryLoader (missing dependencies?)
[13:11:39 SEVERE]: [Slimefun] Failed to create AutoUpdater
[INFO] Tests run: 2, Failures: 0, Errors: 0, Skipped: 0, Time elapsed: 0.058 s - in io.github.thebusybiscuit.slimefun4.core.researching.TestResearchUnlocking
[INFO] Running io.github.thebusybiscuit.slimefun4.core.researching.TestResearches
[13:11:39 WARNING]: Could not initialize LibraryLoader (missing dependencies?)
[13:11:39 SEVERE]: [Slimefun] Failed to create AutoUpdater
[INFO] Tests run: 10, Failures: 0, Errors: 0, Skipped: 0, Time elapsed: 0.104 s - in io.github.thebusybiscuit.slimefun4.core.researching.TestResearches
[INFO] Running io.github.thebusybiscuit.slimefun4.core.guide.TestGuideOpening
[13:11:39 WARNING]: Could not initialize LibraryLoader (missing dependencies?)
[13:11:39 SEVERE]: [Slimefun] Failed to create AutoUpdater
[INFO] Tests run: 6, Failures: 0, Errors: 0, Skipped: 0, Time elapsed: 0.038 s - in io.github.thebusybiscuit.slimefun4.core.guide.TestGuideOpening
[INFO] Running io.github.thebusybiscuit.slimefun4.TestPluginClass
[13:11:39 WARNING]: Could not initialize LibraryLoader (missing dependencies?)
[13:11:39 SEVERE]: [Slimefun] Failed to create AutoUpdater
[INFO] Tests run: 5, Failures: 0, Errors: 0, Skipped: 0, Time elapsed: 0.013 s - in io.github.thebusybiscuit.slimefun4.TestPluginClass
[INFO] Running io.github.thebusybiscuit.slimefun4.utils.TestHeadTextures
[INFO] Tests run: 1, Failures: 0, Errors: 0, Skipped: 0, Time elapsed: 0 s - in io.github.thebusybiscuit.slimefun4.utils.TestHeadTextures
[INFO] Running io.github.thebusybiscuit.slimefun4.utils.TestMinecraftVersion
[INFO] Tests run: 6, Failures: 0, Errors: 0, Skipped: 0, Time elapsed: 0.004 s - in io.github.thebusybiscuit.slimefun4.utils.TestMinecraftVersion
[INFO] Running io.github.thebusybiscuit.slimefun4.utils.tags.TestTagParser
[13:11:39 WARNING]: Could not initialize LibraryLoader (missing dependencies?)
[13:11:39 SEVERE]: [Slimefun] Failed to create AutoUpdater
[INFO] Tests run: 9, Failures: 0, Errors: 0, Skipped: 0, Time elapsed: 0.019 s - in io.github.thebusybiscuit.slimefun4.utils.tags.TestTagParser
[INFO] Running io.github.thebusybiscuit.slimefun4.utils.tags.TestSlimefunTags
[13:11:39 WARNING]: Could not initialize LibraryLoader (missing dependencies?)
[13:11:39 SEVERE]: [Slimefun] Failed to create AutoUpdater
[INFO] Tests run: 7, Failures: 0, Errors: 0, Skipped: 0, Time elapsed: 0.088 s - in io.github.thebusybiscuit.slimefun4.utils.tags.TestSlimefunTags
[INFO] Running io.github.thebusybiscuit.slimefun4.utils.TestSoulboundItem
[13:11:39 WARNING]: Could not initialize LibraryLoader (missing dependencies?)
[13:11:39 SEVERE]: [Slimefun] Failed to create AutoUpdater
[INFO] Tests run: 4, Failures: 0, Errors: 0, Skipped: 0, Time elapsed: 0.02 s - in io.github.thebusybiscuit.slimefun4.utils.TestSoulboundItem
[INFO] Running io.github.thebusybiscuit.slimefun4.utils.TestChargeUtils
[13:11:39 WARNING]: Could not initialize LibraryLoader (missing dependencies?)
[13:11:39 SEVERE]: [Slimefun] Failed to create AutoUpdater
[INFO] Tests run: 2, Failures: 0, Errors: 0, Skipped: 0, Time elapsed: 0.018 s - in io.github.thebusybiscuit.slimefun4.utils.TestChargeUtils
[INFO] Running io.github.thebusybiscuit.slimefun4.utils.TestWikiResource
[INFO] Tests run: 1, Failures: 0, Errors: 0, Skipped: 0, Time elapsed: 0.011 s - in io.github.thebusybiscuit.slimefun4.utils.TestWikiResource
[INFO] Running io.github.thebusybiscuit.slimefun4.utils.TestNumberUtils
[INFO] Tests run: 8, Failures: 0, Errors: 0, Skipped: 0, Time elapsed: 0.009 s - in io.github.thebusybiscuit.slimefun4.utils.TestNumberUtils
[INFO] Running io.github.thebusybiscuit.slimefun4.utils.TestFireworkUtils
[13:11:39 WARNING]: Could not initialize LibraryLoader (missing dependencies?)
[INFO] Tests run: 4, Failures: 0, Errors: 0, Skipped: 0, Time elapsed: 0.016 s - in io.github.thebusybiscuit.slimefun4.utils.TestFireworkUtils
[INFO] Running io.github.thebusybiscuit.slimefun4.utils.TestChatUtils
[INFO] Tests run: 3, Failures: 0, Errors: 0, Skipped: 0, Time elapsed: 0.004 s - in io.github.thebusybiscuit.slimefun4.utils.TestChatUtils
[INFO] Running io.github.thebusybiscuit.slimefun4.utils.TestItemStackWrapper
[13:11:39 WARNING]: Could not initialize LibraryLoader (missing dependencies?)
[13:11:39 SEVERE]: [Slimefun] Failed to create AutoUpdater
[INFO] Tests run: 6, Failures: 0, Errors: 0, Skipped: 0, Time elapsed: 0.021 s - in io.github.thebusybiscuit.slimefun4.utils.TestItemStackWrapper
[INFO] Running io.github.thebusybiscuit.slimefun4.utils.TestLoreComparison
[13:11:40 WARNING]: Could not initialize LibraryLoader (missing dependencies?)
[13:11:40 SEVERE]: [Slimefun] Failed to create AutoUpdater
[INFO] Tests run: 8, Failures: 0, Errors: 0, Skipped: 0, Time elapsed: 0.023 s - in io.github.thebusybiscuit.slimefun4.utils.TestLoreComparison
[INFO] Running io.github.thebusybiscuit.slimefun4.utils.biomes.TestBiomeMapParser
[13:11:40 WARNING]: Could not initialize LibraryLoader (missing dependencies?)
[13:11:40 SEVERE]: [Slimefun] Failed to create AutoUpdater
[INFO] Tests run: 10, Failures: 0, Errors: 0, Skipped: 0, Time elapsed: 0.023 s - in io.github.thebusybiscuit.slimefun4.utils.biomes.TestBiomeMapParser
[INFO] Running io.github.thebusybiscuit.slimefun4.utils.biomes.TestBiomeMapCompatibility
[13:11:40 WARNING]: Could not initialize LibraryLoader (missing dependencies?)
[INFO] Tests run: 27, Failures: 0, Errors: 0, Skipped: 0, Time elapsed: 0.042 s - in io.github.thebusybiscuit.slimefun4.utils.biomes.TestBiomeMapCompatibility
[INFO] Running io.github.thebusybiscuit.slimefun4.utils.biomes.TestBiomeMap
[13:11:40 WARNING]: Could not initialize LibraryLoader (missing dependencies?)
[13:11:40 SEVERE]: [Slimefun] Failed to create AutoUpdater
[INFO] Tests run: 5, Failures: 0, Errors: 0, Skipped: 0, Time elapsed: 0.018 s - in io.github.thebusybiscuit.slimefun4.utils.biomes.TestBiomeMap
[INFO] Running io.github.thebusybiscuit.slimefun4.utils.TestInfiniteBlockGenerators
[13:11:40 WARNING]: Could not initialize LibraryLoader (missing dependencies?)
[13:11:40 SEVERE]: [Slimefun] Failed to create AutoUpdater
[INFO] Tests run: 31, Failures: 0, Errors: 0, Skipped: 0, Time elapsed: 0.085 s - in io.github.thebusybiscuit.slimefun4.utils.TestInfiniteBlockGenerators
[INFO] Running io.github.thebusybiscuit.slimefun4.implementation.listeners.TestCartographyTableListener
[13:11:40 WARNING]: Could not initialize LibraryLoader (missing dependencies?)
[13:11:40 SEVERE]: [Slimefun] Failed to create AutoUpdater
[INFO] Tests run: 2, Failures: 0, Errors: 0, Skipped: 0, Time elapsed: 0.164 s - in io.github.thebusybiscuit.slimefun4.implementation.listeners.TestCartographyTableListener
[INFO] Running io.github.thebusybiscuit.slimefun4.implementation.listeners.TestBackpackListener
[13:11:40 WARNING]: Could not initialize LibraryLoader (missing dependencies?)
[13:11:40 SEVERE]: [Slimefun] Failed to create AutoUpdater
[INFO] Tests run: 14, Failures: 0, Errors: 0, Skipped: 0, Time elapsed: 0.101 s - in io.github.thebusybiscuit.slimefun4.implementation.listeners.TestBackpackListener
[INFO] Running io.github.thebusybiscuit.slimefun4.implementation.listeners.TestIronGolemListener
[13:11:40 WARNING]: Could not initialize LibraryLoader (missing dependencies?)
[13:11:40 SEVERE]: [Slimefun] Failed to create AutoUpdater
[INFO] Tests run: 3, Failures: 0, Errors: 0, Skipped: 0, Time elapsed: 0.198 s - in io.github.thebusybiscuit.slimefun4.implementation.listeners.TestIronGolemListener
[INFO] Running io.github.thebusybiscuit.slimefun4.implementation.listeners.TestNetworkListener
[13:11:40 WARNING]: Could not initialize LibraryLoader (missing dependencies?)
[13:11:40 SEVERE]: [Slimefun] Failed to create AutoUpdater
[INFO] Tests run: 2, Failures: 0, Errors: 0, Skipped: 0, Time elapsed: 0.089 s - in io.github.thebusybiscuit.slimefun4.implementation.listeners.TestNetworkListener
[INFO] Running io.github.thebusybiscuit.slimefun4.implementation.listeners.TestAnvilListener
[13:11:40 WARNING]: Could not initialize LibraryLoader (missing dependencies?)
[13:11:40 SEVERE]: [Slimefun] Failed to create AutoUpdater
[INFO] Tests run: 3, Failures: 0, Errors: 0, Skipped: 0, Time elapsed: 0.019 s - in io.github.thebusybiscuit.slimefun4.implementation.listeners.TestAnvilListener
[INFO] Running io.github.thebusybiscuit.slimefun4.implementation.listeners.TestSmithingTableListener
[13:11:40 WARNING]: Could not initialize LibraryLoader (missing dependencies?)
[13:11:40 SEVERE]: [Slimefun] Failed to create AutoUpdater
[INFO] Tests run: 9, Failures: 0, Errors: 0, Skipped: 0, Time elapsed: 0.027 s - in io.github.thebusybiscuit.slimefun4.implementation.listeners.TestSmithingTableListener
[INFO] Running io.github.thebusybiscuit.slimefun4.implementation.listeners.TestMultiblockListener
[13:11:40 WARNING]: Could not initialize LibraryLoader (missing dependencies?)
[13:11:40 SEVERE]: [Slimefun] Failed to create AutoUpdater
[INFO] Tests run: 2, Failures: 0, Errors: 0, Skipped: 0, Time elapsed: 0.015 s - in io.github.thebusybiscuit.slimefun4.implementation.listeners.TestMultiblockListener
[INFO] Running io.github.thebusybiscuit.slimefun4.implementation.listeners.TestGrindstoneListener
[13:11:40 WARNING]: Could not initialize LibraryLoader (missing dependencies?)
[13:11:40 SEVERE]: [Slimefun] Failed to create AutoUpdater
[INFO] Tests run: 5, Failures: 0, Errors: 0, Skipped: 0, Time elapsed: 0.023 s - in io.github.thebusybiscuit.slimefun4.implementation.listeners.TestGrindstoneListener
[INFO] Running io.github.thebusybiscuit.slimefun4.implementation.listeners.TestSlimefunGuideListener
[13:11:40 WARNING]: Could not initialize LibraryLoader (missing dependencies?)
[13:11:40 SEVERE]: [Slimefun] Failed to create AutoUpdater
[INFO] Tests run: 4, Failures: 0, Errors: 0, Skipped: 0, Time elapsed: 0.018 s - in io.github.thebusybiscuit.slimefun4.implementation.listeners.TestSlimefunGuideListener
[INFO] Running io.github.thebusybiscuit.slimefun4.implementation.listeners.TestCoolerListener
[13:11:40 WARNING]: Could not initialize LibraryLoader (missing dependencies?)
[13:11:40 SEVERE]: [Slimefun] Failed to create AutoUpdater
[INFO] Tests run: 2, Failures: 0, Errors: 0, Skipped: 0, Time elapsed: 0.035 s - in io.github.thebusybiscuit.slimefun4.implementation.listeners.TestCoolerListener
[INFO] Running io.github.thebusybiscuit.slimefun4.implementation.listeners.TestDeathpointListener
[13:11:40 WARNING]: Could not initialize LibraryLoader (missing dependencies?)
[13:11:40 SEVERE]: [Slimefun] Failed to create AutoUpdater
[INFO] Tests run: 2, Failures: 0, Errors: 0, Skipped: 0, Time elapsed: 0.024 s - in io.github.thebusybiscuit.slimefun4.implementation.listeners.TestDeathpointListener
[INFO] Running io.github.thebusybiscuit.slimefun4.implementation.listeners.TestVillagerTradingListener
[13:11:41 WARNING]: Could not initialize LibraryLoader (missing dependencies?)
[13:11:41 SEVERE]: [Slimefun] Failed to create AutoUpdater
[INFO] Tests run: 4, Failures: 0, Errors: 0, Skipped: 0, Time elapsed: 0.026 s - in io.github.thebusybiscuit.slimefun4.implementation.listeners.TestVillagerTradingListener
[INFO] Running io.github.thebusybiscuit.slimefun4.implementation.listeners.TestPlayerProfileListener
[13:11:41 WARNING]: Could not initialize LibraryLoader (missing dependencies?)
[13:11:41 SEVERE]: [Slimefun] Failed to create AutoUpdater
[INFO] Tests run: 4, Failures: 0, Errors: 0, Skipped: 0, Time elapsed: 0.032 s - in io.github.thebusybiscuit.slimefun4.implementation.listeners.TestPlayerProfileListener
[INFO] Running io.github.thebusybiscuit.slimefun4.implementation.listeners.TestSoulboundListener
[13:11:41 WARNING]: Could not initialize LibraryLoader (missing dependencies?)
[13:11:41 SEVERE]: [Slimefun] Failed to create AutoUpdater
[INFO] Tests run: 6, Failures: 0, Errors: 0, Skipped: 0, Time elapsed: 0.03 s - in io.github.thebusybiscuit.slimefun4.implementation.listeners.TestSoulboundListener
[INFO] Running io.github.thebusybiscuit.slimefun4.implementation.listeners.TestFireworksListener
[13:11:41 WARNING]: Could not initialize LibraryLoader (missing dependencies?)
[13:11:41 SEVERE]: [Slimefun] Failed to create AutoUpdater
[INFO] Tests run: 1, Failures: 0, Errors: 0, Skipped: 0, Time elapsed: 0.018 s - in io.github.thebusybiscuit.slimefun4.implementation.listeners.TestFireworksListener
[INFO] Running io.github.thebusybiscuit.slimefun4.implementation.listeners.TestCraftingTableListener
[13:11:41 WARNING]: Could not initialize LibraryLoader (missing dependencies?)
[13:11:41 SEVERE]: [Slimefun] Failed to create AutoUpdater
[INFO] Tests run: 7, Failures: 0, Errors: 0, Skipped: 0, Time elapsed: 0.108 s - in io.github.thebusybiscuit.slimefun4.implementation.listeners.TestCraftingTableListener
[INFO] Running io.github.thebusybiscuit.slimefun4.implementation.listeners.TestPiglinListener
[13:11:41 WARNING]: Could not initialize LibraryLoader (missing dependencies?)
[13:11:41 SEVERE]: [Slimefun] Failed to create AutoUpdater
[INFO] Tests run: 6, Failures: 0, Errors: 0, Skipped: 0, Time elapsed: 0.26 s - in io.github.thebusybiscuit.slimefun4.implementation.listeners.TestPiglinListener
[INFO] Running io.github.thebusybiscuit.slimefun4.implementation.listeners.TestBeeListener
[13:11:41 WARNING]: Could not initialize LibraryLoader (missing dependencies?)
[13:11:41 SEVERE]: [Slimefun] Failed to create AutoUpdater
[INFO] Tests run: 2, Failures: 0, Errors: 0, Skipped: 0, Time elapsed: 0.117 s - in io.github.thebusybiscuit.slimefun4.implementation.listeners.TestBeeListener
[INFO] Running io.github.thebusybiscuit.slimefun4.implementation.listeners.TestCauldronListener
[13:11:41 WARNING]: Could not initialize LibraryLoader (missing dependencies?)
[13:11:41 SEVERE]: [Slimefun] Failed to create AutoUpdater
[INFO] Tests run: 6, Failures: 0, Errors: 0, Skipped: 0, Time elapsed: 0.015 s - in io.github.thebusybiscuit.slimefun4.implementation.listeners.TestCauldronListener
[INFO] Running io.github.thebusybiscuit.slimefun4.implementation.listeners.TestBrewingStandListener
[13:11:41 WARNING]: Could not initialize LibraryLoader (missing dependencies?)
[13:11:41 SEVERE]: [Slimefun] Failed to create AutoUpdater
[INFO] Tests run: 3, Failures: 0, Errors: 0, Skipped: 0, Time elapsed: 0.066 s - in io.github.thebusybiscuit.slimefun4.implementation.listeners.TestBrewingStandListener
[INFO] Running io.github.thebusybiscuit.slimefun4.implementation.listeners.TestCargoNodeListener
[13:11:41 WARNING]: Could not initialize LibraryLoader (missing dependencies?)
[13:11:41 SEVERE]: [Slimefun] Failed to create AutoUpdater
[INFO] Tests run: 6, Failures: 0, Errors: 0, Skipped: 0, Time elapsed: 0.049 s - in io.github.thebusybiscuit.slimefun4.implementation.listeners.TestCargoNodeListener
[INFO] Running io.github.thebusybiscuit.slimefun4.implementation.listeners.TestItemPickupListener
[13:11:41 WARNING]: Could not initialize LibraryLoader (missing dependencies?)
[13:11:41 SEVERE]: [Slimefun] Failed to create AutoUpdater
[INFO] Tests run: 8, Failures: 0, Errors: 0, Skipped: 0, Time elapsed: 0.041 s - in io.github.thebusybiscuit.slimefun4.implementation.listeners.TestItemPickupListener
[INFO] Running io.github.thebusybiscuit.slimefun4.implementation.registration.TestItemHandlers
[13:11:41 WARNING]: Could not initialize LibraryLoader (missing dependencies?)
[13:11:41 SEVERE]: [Slimefun] Failed to create AutoUpdater
[INFO] Tests run: 3, Failures: 0, Errors: 0, Skipped: 0, Time elapsed: 0.02 s - in io.github.thebusybiscuit.slimefun4.implementation.registration.TestItemHandlers
[INFO] Running io.github.thebusybiscuit.slimefun4.implementation.registration.TestSlimefunItemRegistration
[13:11:41 WARNING]: Could not initialize LibraryLoader (missing dependencies?)
[13:11:41 SEVERE]: [Slimefun] Failed to create AutoUpdater
[13:11:41 SEVERE]: [Slimefun] Item "DUPLICATE_ID" from Slimefun vRC - 1 (git 0ea16bd1) has caused an Error!
[13:11:41 SEVERE]: [Slimefun] You can report it here: https://github.com/Slimefun/Slimefun4/issues
[13:11:41 SEVERE]: [Slimefun] Registering MockSlimefunItem - 'DUPLICATE_ID' (Slimefun vRC - 1 (git 0ea16bd1)) has failed!
[INFO] Tests run: 6, Failures: 0, Errors: 0, Skipped: 0, Time elapsed: 0.019 s - in io.github.thebusybiscuit.slimefun4.implementation.registration.TestSlimefunItemRegistration
[INFO] Running io.github.thebusybiscuit.slimefun4.implementation.registration.TestItemGroups
[13:11:41 WARNING]: Could not initialize LibraryLoader (missing dependencies?)
[13:11:41 SEVERE]: [Slimefun] Failed to create AutoUpdater
[13:11:41 INFO]: [Slimefun] Parent "slimefun:unregistered" for LockedItemGroup "slimefun:locked" was not found, probably just disabled.
[INFO] Tests run: 8, Failures: 0, Errors: 0, Skipped: 0, Time elapsed: 0.033 s - in io.github.thebusybiscuit.slimefun4.implementation.registration.TestItemGroups
[INFO] Running io.github.thebusybiscuit.slimefun4.implementation.registration.TestRechargeableItems
[13:11:41 WARNING]: Could not initialize LibraryLoader (missing dependencies?)
[13:11:41 SEVERE]: [Slimefun] Failed to create AutoUpdater
[INFO] Tests run: 6, Failures: 0, Errors: 0, Skipped: 0, Time elapsed: 0.016 s - in io.github.thebusybiscuit.slimefun4.implementation.registration.TestRechargeableItems
[INFO] Running io.github.thebusybiscuit.slimefun4.implementation.registration.TestRegistration
[13:11:41 WARNING]: Could not initialize LibraryLoader (missing dependencies?)
[13:11:41 SEVERE]: [Slimefun] Failed to create AutoUpdater
[13:11:42 INFO]: [Slimefun] Loading Wiki pages...
[INFO] Tests run: 809, Failures: 0, Errors: 0, Skipped: 0, Time elapsed: 1.311 s - in io.github.thebusybiscuit.slimefun4.implementation.registration.TestRegistration
[INFO] Running io.github.thebusybiscuit.slimefun4.implementation.items.backpacks.TestEnderBackpack
[13:11:43 WARNING]: Could not initialize LibraryLoader (missing dependencies?)
[13:11:43 SEVERE]: [Slimefun] Failed to create AutoUpdater
[INFO] Tests run: 1, Failures: 0, Errors: 0, Skipped: 0, Time elapsed: 0.102 s - in io.github.thebusybiscuit.slimefun4.implementation.items.backpacks.TestEnderBackpack
[INFO] Running io.github.thebusybiscuit.slimefun4.implementation.items.TestDamageableItem
[13:11:43 WARNING]: Could not initialize LibraryLoader (missing dependencies?)
[13:11:43 SEVERE]: [Slimefun] Failed to create AutoUpdater
[INFO] Tests run: 2, Failures: 0, Errors: 0, Skipped: 0, Time elapsed: 0.081 s - in io.github.thebusybiscuit.slimefun4.implementation.items.TestDamageableItem
[INFO] Running io.github.thebusybiscuit.slimefun4.implementation.items.TestSlimefunItem
[13:11:43 WARNING]: Could not initialize LibraryLoader (missing dependencies?)
[13:11:43 SEVERE]: [Slimefun] Failed to create AutoUpdater
[INFO] Tests run: 10, Failures: 0, Errors: 0, Skipped: 0, Time elapsed: 0.063 s - in io.github.thebusybiscuit.slimefun4.implementation.items.TestSlimefunItem
[INFO] Running io.github.thebusybiscuit.slimefun4.implementation.items.TestRadioactiveItem
[13:11:43 WARNING]: Could not initialize LibraryLoader (missing dependencies?)
[13:11:43 SEVERE]: [Slimefun] Failed to create AutoUpdater
[INFO] Tests run: 5, Failures: 0, Errors: 0, Skipped: 0, Time elapsed: 0.088 s - in io.github.thebusybiscuit.slimefun4.implementation.items.TestRadioactiveItem
[INFO] Running io.github.thebusybiscuit.slimefun4.implementation.items.food.TestMonsterJerky
[13:11:43 WARNING]: Could not initialize LibraryLoader (missing dependencies?)
[13:11:43 SEVERE]: [Slimefun] Failed to create AutoUpdater
[INFO] Tests run: 1, Failures: 0, Errors: 0, Skipped: 0, Time elapsed: 0.06 s - in io.github.thebusybiscuit.slimefun4.implementation.items.food.TestMonsterJerky
[INFO] Running io.github.thebusybiscuit.slimefun4.implementation.items.food.TestMeatJerky
[13:11:43 WARNING]: Could not initialize LibraryLoader (missing dependencies?)
[13:11:43 SEVERE]: [Slimefun] Failed to create AutoUpdater
[INFO] Tests run: 1, Failures: 0, Errors: 0, Skipped: 0, Time elapsed: 0.061 s - in io.github.thebusybiscuit.slimefun4.implementation.items.food.TestMeatJerky
[INFO] Running io.github.thebusybiscuit.slimefun4.implementation.items.food.TestDietCookie
[13:11:43 WARNING]: Could not initialize LibraryLoader (missing dependencies?)
[13:11:43 SEVERE]: [Slimefun] Failed to create AutoUpdater
[INFO] Tests run: 1, Failures: 0, Errors: 0, Skipped: 0, Time elapsed: 0.104 s - in io.github.thebusybiscuit.slimefun4.implementation.items.food.TestDietCookie
[INFO] Running io.github.thebusybiscuit.slimefun4.implementation.items.tools.TestTapeMeasure
[13:11:43 WARNING]: Could not initialize LibraryLoader (missing dependencies?)
[13:11:43 SEVERE]: [Slimefun] Failed to create AutoUpdater
[INFO] Tests run: 5, Failures: 0, Errors: 0, Skipped: 0, Time elapsed: 0.085 s - in io.github.thebusybiscuit.slimefun4.implementation.items.tools.TestTapeMeasure
[INFO] Running io.github.thebusybiscuit.slimefun4.implementation.items.tools.TestClimbingPick
[13:11:43 WARNING]: Could not initialize LibraryLoader (missing dependencies?)
[13:11:43 SEVERE]: [Slimefun] Failed to create AutoUpdater
[INFO] Tests run: 56, Failures: 0, Errors: 0, Skipped: 0, Time elapsed: 0.173 s - in io.github.thebusybiscuit.slimefun4.implementation.items.tools.TestClimbingPick
[INFO] Running io.github.thebusybiscuit.slimefun4.implementation.items.tools.TestPortableDustbin
[13:11:44 WARNING]: Could not initialize LibraryLoader (missing dependencies?)
[13:11:44 SEVERE]: [Slimefun] Failed to create AutoUpdater
[INFO] Tests run: 1, Failures: 0, Errors: 0, Skipped: 0, Time elapsed: 0.07 s - in io.github.thebusybiscuit.slimefun4.implementation.items.tools.TestPortableDustbin
[INFO] Running io.github.thebusybiscuit.slimefun4.implementation.items.autocrafters.TestAbstractRecipe
[13:11:44 WARNING]: Could not initialize LibraryLoader (missing dependencies?)
[13:11:44 SEVERE]: [Slimefun] Failed to create AutoUpdater
[INFO] Tests run: 3, Failures: 0, Errors: 0, Skipped: 0, Time elapsed: 0.092 s - in io.github.thebusybiscuit.slimefun4.implementation.items.autocrafters.TestAbstractRecipe
[INFO] Running io.github.thebusybiscuit.slimefun4.implementation.items.autocrafters.TestAutoCrafter
[13:11:44 WARNING]: Could not initialize LibraryLoader (missing dependencies?)
[13:11:44 SEVERE]: [Slimefun] Failed to create AutoUpdater
[INFO] Tests run: 7, Failures: 0, Errors: 0, Skipped: 0, Time elapsed: 0.063 s - in io.github.thebusybiscuit.slimefun4.implementation.items.autocrafters.TestAutoCrafter
[INFO] Running io.github.thebusybiscuit.slimefun4.implementation.tasks.TestArmorTask
[13:11:44 WARNING]: Could not initialize LibraryLoader (missing dependencies?)
[13:11:44 SEVERE]: [Slimefun] Failed to create AutoUpdater
[INFO] Tests run: 5, Failures: 0, Errors: 0, Skipped: 0, Time elapsed: 0.084 s - in io.github.thebusybiscuit.slimefun4.implementation.tasks.TestArmorTask
[INFO] Running io.github.thebusybiscuit.slimefun4.api.gps.TestWaypoints
[13:11:44 WARNING]: Could not initialize LibraryLoader (missing dependencies?)
[13:11:44 SEVERE]: [Slimefun] Failed to create AutoUpdater
[INFO] Tests run: 7, Failures: 0, Errors: 0, Skipped: 0, Time elapsed: 0.158 s - in io.github.thebusybiscuit.slimefun4.api.gps.TestWaypoints
[INFO] Running io.github.thebusybiscuit.slimefun4.api.items.settings.TestIntRangeSetting
[13:11:44 WARNING]: Could not initialize LibraryLoader (missing dependencies?)
[13:11:44 SEVERE]: [Slimefun] Failed to create AutoUpdater
[INFO] Tests run: 4, Failures: 0, Errors: 0, Skipped: 0, Time elapsed: 0.059 s - in io.github.thebusybiscuit.slimefun4.api.items.settings.TestIntRangeSetting
[INFO] Running io.github.thebusybiscuit.slimefun4.api.items.settings.TestEnumSetting
[13:11:44 WARNING]: Could not initialize LibraryLoader (missing dependencies?)
[13:11:44 SEVERE]: [Slimefun] Failed to create AutoUpdater
[INFO] Tests run: 3, Failures: 0, Errors: 0, Skipped: 0, Time elapsed: 0.058 s - in io.github.thebusybiscuit.slimefun4.api.items.settings.TestEnumSetting
[INFO] Running io.github.thebusybiscuit.slimefun4.api.items.settings.TestMaterialTagSetting
[13:11:44 WARNING]: Could not initialize LibraryLoader (missing dependencies?)
[13:11:44 SEVERE]: [Slimefun] Failed to create AutoUpdater
[INFO] Tests run: 3, Failures: 0, Errors: 0, Skipped: 0, Time elapsed: 0.056 s - in io.github.thebusybiscuit.slimefun4.api.items.settings.TestMaterialTagSetting
[INFO] Running io.github.thebusybiscuit.slimefun4.api.items.settings.TestDoubleRangeSetting
[13:11:44 WARNING]: Could not initialize LibraryLoader (missing dependencies?)
[13:11:44 SEVERE]: [Slimefun] Failed to create AutoUpdater
[INFO] Tests run: 4, Failures: 0, Errors: 0, Skipped: 0, Time elapsed: 0.054 s - in io.github.thebusybiscuit.slimefun4.api.items.settings.TestDoubleRangeSetting
[INFO] Running io.github.thebusybiscuit.slimefun4.api.items.settings.TestItemSettings
[13:11:44 WARNING]: Could not initialize LibraryLoader (missing dependencies?)
[13:11:44 SEVERE]: [Slimefun] Failed to create AutoUpdater
[INFO] Tests run: 4, Failures: 0, Errors: 0, Skipped: 0, Time elapsed: 0.052 s - in io.github.thebusybiscuit.slimefun4.api.items.settings.TestItemSettings
[INFO] Running io.github.thebusybiscuit.slimefun4.api.profiles.TestPlayerProfile
[13:11:44 WARNING]: Could not initialize LibraryLoader (missing dependencies?)
[13:11:44 SEVERE]: [Slimefun] Failed to create AutoUpdater
[INFO] Tests run: 7, Failures: 0, Errors: 0, Skipped: 0, Time elapsed: 0.069 s - in io.github.thebusybiscuit.slimefun4.api.profiles.TestPlayerProfile
[INFO] Running io.github.thebusybiscuit.slimefun4.api.profiles.TestAsyncProfileLoadEvent
[13:11:44 WARNING]: Could not initialize LibraryLoader (missing dependencies?)
[13:11:44 SEVERE]: [Slimefun] Failed to create AutoUpdater
[INFO] Tests run: 4, Failures: 0, Errors: 0, Skipped: 0, Time elapsed: 0.122 s - in io.github.thebusybiscuit.slimefun4.api.profiles.TestAsyncProfileLoadEvent
[INFO] Running io.github.thebusybiscuit.slimefun4.api.profiles.TestPlayerBackpacks
[13:11:45 WARNING]: Could not initialize LibraryLoader (missing dependencies?)
[13:11:45 SEVERE]: [Slimefun] Failed to create AutoUpdater
[INFO] Tests run: 4, Failures: 0, Errors: 0, Skipped: 0, Time elapsed: 0.068 s - in io.github.thebusybiscuit.slimefun4.api.profiles.TestPlayerBackpacks
[INFO] Running io.github.thebusybiscuit.slimefun4.api.profiles.TestGuideHistory
[13:11:45 WARNING]: Could not initialize LibraryLoader (missing dependencies?)
[13:11:45 SEVERE]: [Slimefun] Failed to create AutoUpdater
[INFO] Tests run: 6, Failures: 0, Errors: 0, Skipped: 0, Time elapsed: 0.066 s - in io.github.thebusybiscuit.slimefun4.api.profiles.TestGuideHistory
[INFO] Running io.github.thebusybiscuit.slimefun4.api.geo.TestResourceRegistration
[13:11:45 WARNING]: Could not initialize LibraryLoader (missing dependencies?)
[13:11:45 SEVERE]: [Slimefun] Failed to create AutoUpdater
[INFO] Tests run: 6, Failures: 0, Errors: 0, Skipped: 0, Time elapsed: 0.054 s - in io.github.thebusybiscuit.slimefun4.api.geo.TestResourceRegistration
[INFO] 
[INFO] Results:
[INFO] 
[INFO] Tests run: 1706, Failures: 0, Errors: 0, Skipped: 0
[INFO] 
[INFO] 
[INFO] --- jacoco-maven-plugin:0.8.7:report (report) @ Slimefun ---
[INFO] Loading execution data file /home/runner/work/builds/builds/Jan123/Slimefun4/stable/files/target/jacoco.exec
[INFO] Analyzed bundle 'Slimefun' with 600 classes
[INFO] 
[INFO] --- maven-jar-plugin:2.4:jar (default-jar) @ Slimefun ---
[INFO] Building jar: /home/runner/work/builds/builds/Jan123/Slimefun4/stable/files/target/Slimefun4-1.jar
[INFO] 
[INFO] >>> maven-source-plugin:3.2.1:jar (attach-sources) > generate-sources @ Slimefun >>>
[INFO] 
[INFO] --- jacoco-maven-plugin:0.8.7:prepare-agent (prepare) @ Slimefun ---
[INFO] argLine set to -javaagent:/home/runner/.m2/repository/org/jacoco/org.jacoco.agent/0.8.7/org.jacoco.agent-0.8.7-runtime.jar=destfile=/home/runner/work/builds/builds/Jan123/Slimefun4/stable/files/target/jacoco.exec
[INFO] 
[INFO] <<< maven-source-plugin:3.2.1:jar (attach-sources) < generate-sources @ Slimefun <<<
[INFO] 
[INFO] 
[INFO] --- maven-source-plugin:3.2.1:jar (attach-sources) @ Slimefun ---
[INFO] Downloading from central: https://repo.maven.apache.org/maven2/org/codehaus/plexus/plexus-utils/3.3.0/plexus-utils-3.3.0.pom
[INFO] Downloaded from central: https://repo.maven.apache.org/maven2/org/codehaus/plexus/plexus-utils/3.3.0/plexus-utils-3.3.0.pom (0 B at 0 B/s)
[INFO] Building jar: /home/runner/work/builds/builds/Jan123/Slimefun4/stable/files/target/Slimefun4-1-sources.jar
[INFO] 
[INFO] --- maven-shade-plugin:3.2.4:shade (default) @ Slimefun ---
[INFO] Including io.github.baked-libs:dough-api:jar:1.1.3 in the shaded jar.
[INFO] Including io.papermc:paperlib:jar:1.0.7 in the shaded jar.
[INFO] Including com.konghq:unirest-java:jar:3.13.6 in the shaded jar.
[INFO] Including org.apache.httpcomponents:httpclient:jar:4.5.13 in the shaded jar.
[INFO] Including org.apache.httpcomponents:httpcore:jar:4.4.13 in the shaded jar.
[INFO] Including commons-logging:commons-logging:jar:1.2 in the shaded jar.
[INFO] Including commons-codec:commons-codec:jar:1.11 in the shaded jar.
[INFO] Including org.apache.httpcomponents:httpmime:jar:4.5.13 in the shaded jar.
[INFO] Including org.apache.httpcomponents:httpcore-nio:jar:4.4.13 in the shaded jar.
[INFO] Including org.apache.httpcomponents:httpasyncclient:jar:4.1.5 in the shaded jar.
[INFO] Replacing original artifact with shaded artifact.
[INFO] Replacing /home/runner/work/builds/builds/Jan123/Slimefun4/stable/files/target/Slimefun4-1.jar with /home/runner/work/builds/builds/Jan123/Slimefun4/stable/files/target/Slimefun-RC - 1 (git 0ea16bd1)-shaded.jar
[INFO] Dependency-reduced POM written at: /home/runner/work/builds/builds/Jan123/Slimefun4/stable/files/dependency-reduced-pom.xml
[INFO] ------------------------------------------------------------------------
[INFO] BUILD SUCCESS
[INFO] ------------------------------------------------------------------------
[INFO] Total time:  34.467 s
[INFO] Finished at: 2022-03-18T13:11:50Z
[INFO] ------------------------------------------------------------------------
